[15:01:08] [Server thread/INFO]: AngelicaRD joined the game
[15:01:08] [Server thread/INFO]: AngelicaRD[/190.68.143.251:54801] logged in with entity id 80340 at ([world]-2499.5249676657136, 252.0, -3520.762499988079)
[15:04:10] [Server thread/INFO]: AngelicaRD lost connection: Disconnected
[15:04:10] [Server thread/INFO]: AngelicaRD left the game
[16:34:10] [Server thread/INFO]: AngelicaRD joined the game
[16:34:10] [Server thread/INFO]: AngelicaRD[/190.68.143.251:49734] logged in with entity id 80548 at ([world]-2499.5315756767204, 252.0, -3520.762499988079)
[16:56:58] [Server thread/INFO]: AngelicaRD issued server command: /home
[17:00:00] [Server thread/INFO]: AngelicaRD lost connection: Disconnected
[17:00:01] [Server thread/INFO]: AngelicaRD left the game
[17:05:57] [Server thread/INFO]: AngelicaRD joined the game
[17:05:57] [Server thread/INFO]: AngelicaRD[/190.68.143.251:63375] logged in with entity id 82623 at ([world]-2499.356526920591, 65.0, -3775.9506739881986)
[17:23:06] [Server thread/INFO]: [@: Spread 1 player(s) around -2490.0, -3754.27 with an average distance of 0.00 blocks apart]
[17:23:06] [Server thread/WARN]: Can't keep up! Is the server overloaded? Running 3937ms or 78 ticks behind
[17:30:20] [Server thread/INFO]: AngelicaRD issued server command: /time set day
[17:30:20] [Server thread/INFO]: [AngelicaRD: Set the time to 1000]
[17:40:09] [Server thread/INFO]: AngelicaRD issued server command: /time set day
[17:40:09] [Server thread/INFO]: [AngelicaRD: Set the time to 1000]
[17:40:19] [Server thread/INFO]: AngelicaRD issued server command: /gamemode spectator
[17:40:19] [Server thread/INFO]: [AngelicaRD: Set own game mode to Spectator Mode]
[17:40:38] [Server thread/INFO]: AngelicaRD issued server command: /gamemode survival
[17:40:38] [Server thread/INFO]: [AngelicaRD: Set own game mode to Survival Mode]
[17:43:09] [Server thread/INFO]: AngelicaRD issued server command: /gamemode creative
[17:43:09] [Server thread/INFO]: [AngelicaRD: Set own game mode to Creative Mode]
[17:43:38] [Server thread/INFO]: AngelicaRD has reached the goal [You Need a Mint]
[17:44:00] [Server thread/INFO]: AngelicaRD issued server command: /gamemode survival
[17:44:00] [Server thread/INFO]: [AngelicaRD: Set own game mode to Survival Mode]
[17:48:22] [Server thread/INFO]: AngelicaRD lost connection: Disconnected
[17:48:22] [Server thread/INFO]: AngelicaRD left the game
[18:51:20] [Server thread/INFO]: AngelicaRD joined the game
[18:51:20] [Server thread/INFO]: AngelicaRD[/190.68.143.251:54332] logged in with entity id 94466 at ([world]2893.4577782755314, 105.0, -1403.3597285601834)
[18:52:32] [Server thread/INFO]: AngelicaRD issued server command: /time set day
[18:52:32] [Server thread/INFO]: [AngelicaRD: Set the time to 1000]
[19:11:36] [Server thread/INFO]: AngelicaRD issued server command: /home
[19:22:39] [Server thread/INFO]: [@: Teleported AngelicaRD to -2501.500000, 253.000000, -3518.500000]
[19:22:47] [Server thread/INFO]: AngelicaRD lost connection: Disconnected
[19:22:47] [Server thread/INFO]: AngelicaRD left the game
[19:40:51] [Craft Scheduler Thread - 288/INFO]: [33;1m[[32;22mSkinsRestorer[33;1m] [0;39m[32;1m----------------------------------------------[0;39m[m
[19:40:51] [Craft Scheduler Thread - 288/INFO]: [33;1m[[32;22mSkinsRestorer[33;1m] [0;39m[32;1m    +==================+[0;39m[m
[19:40:51] [Craft Scheduler Thread - 288/INFO]: [33;1m[[32;22mSkinsRestorer[33;1m] [0;39m[32;1m    |   SkinsRestorer  |[0;39m[m
[19:40:51] [Craft Scheduler Thread - 288/INFO]: [33;1m[[32;22mSkinsRestorer[33;1m] [0;39m[32;1m    |------------------|[0;39m[m
[19:40:51] [Craft Scheduler Thread - 288/INFO]: [33;1m[[32;22mSkinsRestorer[33;1m] [0;39m[32;1m    |  [34;1m[4m[21mStandalone Mode[0;39m[32;1m |[0;39m[m
[19:40:51] [Craft Scheduler Thread - 288/INFO]: [33;1m[[32;22mSkinsRestorer[33;1m] [0;39m[32;1m    +==================+[0;39m[m
[19:40:51] [Craft Scheduler Thread - 288/INFO]: [33;1m[[32;22mSkinsRestorer[33;1m] [0;39m[32;1m----------------------------------------------[0;39m[m
[19:40:51] [Craft Scheduler Thread - 288/INFO]: [33;1m[[32;22mSkinsRestorer[33;1m] [0;39m[36;1m    Version: [31;1m15.0.4[0;39m[m
[19:40:51] [Craft Scheduler Thread - 288/INFO]: [33;1m[[32;22mSkinsRestorer[33;1m] [0;39m[36;1m    Commit: [31;1m677e967[0;39m[m
[19:40:51] [Craft Scheduler Thread - 288/INFO]: [33;1m[[32;22mSkinsRestorer[33;1m] [0;39m[36;1m    A new version ([32;1m15.0.5[36;1m) is available! Downloading update...[0;39m[m
[19:40:51] [Craft Scheduler Thread - 288/INFO]: [33;1m[[32;22mSkinsRestorer[33;1m] [0;39m[32;1m----------------------------------------------[0;39m[m
[19:40:51] [Craft Scheduler Thread - 288/INFO]: [33;1m[[32;22mSkinsRestorer[33;1m] [0;39m[GitHubUpdate] Downloading update...[0;39m[m
[19:40:51] [Craft Scheduler Thread - 288/INFO]: [33;1m[[32;22mSkinsRestorer[33;1m] [0;39m[GitHubUpdate] Downloaded update in 532ms[0;39m[m
[19:40:51] [Craft Scheduler Thread - 288/INFO]: [33;1m[[32;22mSkinsRestorer[33;1m] [0;39m[GitHubUpdate] Update saved as SkinsRestorer.jar[0;39m[m
[19:40:51] [Craft Scheduler Thread - 288/INFO]: [33;1m[[32;22mSkinsRestorer[33;1m] [0;39m[GitHubUpdate] The update will be loaded on the next server restart[0;39m[m
[21:34:09] [Server thread/INFO]: Saving the game (this may take a moment!)
[21:34:09] [Server thread/INFO]: Saved the game
